<?xml version="1.0" encoding="UTF-8" ?>
<testsuite errors="0" failures="0" hostname="DESKTOP-VIP1QLO" name="edu.uag.iidis.scec.pruebas.LoginDAOTest" skipped="0" tests="2" time="2.021" timestamp="2017-04-07T02:32:28">
  <properties>
    <property name="java.vendor" value="Oracle Corporation" />
    <property name="sun.java.launcher" value="SUN_STANDARD" />
    <property name="sun.management.compiler" value="HotSpot 64-Bit Tiered Compilers" />
    <property name="os.name" value="Windows 10" />
    <property name="sun.boot.class.path" value="C:\Program Files\Java\jdk1.8.0_92\jre\lib\resources.jar;C:\Program Files\Java\jdk1.8.0_92\jre\lib\rt.jar;C:\Program Files\Java\jdk1.8.0_92\jre\lib\sunrsasign.jar;C:\Program Files\Java\jdk1.8.0_92\jre\lib\jsse.jar;C:\Program Files\Java\jdk1.8.0_92\jre\lib\jce.jar;C:\Program Files\Java\jdk1.8.0_92\jre\lib\charsets.jar;C:\Program Files\Java\jdk1.8.0_92\jre\lib\jfr.jar;C:\Program Files\Java\jdk1.8.0_92\jre\classes" />
    <property name="sun.desktop" value="windows" />
    <property name="java.vm.specification.vendor" value="Oracle Corporation" />
    <property name="ant.home" value="C:\Ant" />
    <property name="java.runtime.version" value="1.8.0_92-b14" />
    <property name="src.home" value="C:\Users\julio\OneDrive\UPCH\Mantenimiento de sistemas\Corte 2\JALE-Distribution/src" />
    <property name="user.name" value="julio" />
    <property name="web.home" value="C:\Users\julio\OneDrive\UPCH\Mantenimiento de sistemas\Corte 2\JALE-Distribution/web" />
    <property name="ant.file.type.USJ" value="file" />
    <property name="manager.password" value="root" />
    <property name="test.out.dir" value="C:\Users\julio\OneDrive\UPCH\Mantenimiento de sistemas\Corte 2\JALE-Distribution/testout" />
    <property name="user.language" value="es" />
    <property name="sun.boot.library.path" value="C:\Program Files\Java\jdk1.8.0_92\jre\bin" />
    <property name="ant.project.default-target" value="build" />
    <property name="docs.home" value="C:\Users\julio\OneDrive\UPCH\Mantenimiento de sistemas\Corte 2\JALE-Distribution/docs" />
    <property name="ant.project.name" value="USJ" />
    <property name="java.version" value="1.8.0_92" />
    <property name="lib.home" value="C:\Users\julio\OneDrive\UPCH\Mantenimiento de sistemas\Corte 2\JALE-Distribution/build/WEB-INF/lib" />
    <property name="user.timezone" value="" />
    <property name="sun.arch.data.model" value="64" />
    <property name="compile.optimize" value="true" />
    <property name="java.endorsed.dirs" value="C:\Program Files\Java\jdk1.8.0_92\jre\lib\endorsed" />
    <property name="sun.cpu.isalist" value="amd64" />
    <property name="sun.jnu.encoding" value="Cp1252" />
    <property name="file.encoding.pkg" value="sun.io" />
    <property name="file.separator" value="\" />
    <property name="java.specification.name" value="Java Platform API Specification" />
    <property name="java.class.version" value="52.0" />
    <property name="build.home" value="C:\Users\julio\OneDrive\UPCH\Mantenimiento de sistemas\Corte 2\JALE-Distribution/build" />
    <property name="manager.username" value="root" />
    <property name="user.country" value="MX" />
    <property name="java.home" value="C:\Program Files\Java\jdk1.8.0_92\jre" />
    <property name="java.vm.info" value="mixed mode" />
    <property name="ant.file" value="C:\Users\julio\OneDrive\UPCH\Mantenimiento de sistemas\Corte 2\JALE-Distribution\build.xml" />
    <property name="os.version" value="10.0" />
    <property name="classes.home" value="C:\Users\julio\OneDrive\UPCH\Mantenimiento de sistemas\Corte 2\JALE-Distribution/build/WEB-INF/classes" />
    <property name="path.separator" value=";" />
    <property name="manager.url" value="http://127.0.0.1:8080/manager/text" />
    <property name="java.vm.version" value="25.92-b14" />
    <property name="user.variant" value="" />
    <property name="ant.library.dir" value="C:\Ant\lib" />
    <property name="java.awt.printerjob" value="sun.awt.windows.WPrinterJob" />
    <property name="sun.io.unicode.encoding" value="UnicodeLittle" />
    <property name="awt.toolkit" value="sun.awt.windows.WToolkit" />
    <property name="sun.stdout.encoding" value="cp850" />
    <property name="user.script" value="" />
    <property name="user.home" value="C:\Users\julio" />
    <property name="java.specification.vendor" value="Oracle Corporation" />
    <property name="app.path" value="/JALE Distribution " />
    <property name="java.library.path" value="C:\Program Files\Java\jdk1.8.0_92\bin;C:\WINDOWS\Sun\Java\bin;C:\WINDOWS\system32;C:\WINDOWS;c:\programdata\oracle\java\javapath;C:\WINDOWS\system32;C:\WINDOWS;C:\WINDOWS\system32\wbem;C:\WINDOWS\system32\windowspowershell\v1.0\;c:\program files\java\jdk1.8.0_92;c:\program files\java\jdk1.8.0_92\jre\lib\ext\librerias;c:\program files\java\jdk1.8.0_92\jre\lib\ext;C:\WINDOWS\system32\config\systemprofile\.dnx\bin;c:\program files\microsoft dnx\dnvm\;c:\program files\microsoft sql server\130\tools\binn\;c:\program files (x86)\windows kits\10\windows performance toolkit\;c:\program files\tortoisehg\;c:\program files\microsoft sql server\120\tools\binn\;c:\program files\ibm\gsk8\lib64;c:\program files (x86)\ibm\gsk8\lib;C:\ProgramData\Microsoft\Windows\Start Menu\Programs\Git\Git CMD;C:\Program Files\Git\cmd;C:\Program Files (x86)\Skype\Phone\;C:\Program Files\MATLAB\MATLAB Production Server\R2015a\runtime\win64;C:\Program Files\MATLAB\MATLAB Production Server\R2015a\bin;C:\Program Files\MATLAB\MATLAB Production Server\R2015a\polyspace\bin;C:\Program Files\Java\jdk1.8.0_92\bin;C:\Users\julio\AppData\Local\Microsoft\WindowsApps;C:\Program Files (x86)\Git\bin;C:\Program Files (x86)\Git\cmd;C:\Ant\bin;." />
    <property name="java.vendor.url" value="http://java.oracle.com/" />
    <property name="java.vm.vendor" value="Oracle Corporation" />
    <property name="java.runtime.name" value="Java(TM) SE Runtime Environment" />
    <property name="sun.java.command" value="org.apache.tools.ant.launch.Launcher -cp . junitreportlogin" />
    <property name="java.class.path" value="C:\Ant\lib\ant-launcher.jar;C:\Users\julio\OneDrive\UPCH\Mantenimiento de sistemas\Corte 2\JALE-Distribution\.\;C:\Ant\lib\ant-antlr.jar;C:\Ant\lib\ant-apache-bcel.jar;C:\Ant\lib\ant-apache-bsf.jar;C:\Ant\lib\ant-apache-log4j.jar;C:\Ant\lib\ant-apache-oro.jar;C:\Ant\lib\ant-apache-regexp.jar;C:\Ant\lib\ant-apache-resolver.jar;C:\Ant\lib\ant-apache-xalan2.jar;C:\Ant\lib\ant-commons-logging.jar;C:\Ant\lib\ant-commons-net.jar;C:\Ant\lib\ant-jai.jar;C:\Ant\lib\ant-javamail.jar;C:\Ant\lib\ant-jdepend.jar;C:\Ant\lib\ant-jmf.jar;C:\Ant\lib\ant-jsch.jar;C:\Ant\lib\ant-junit.jar;C:\Ant\lib\ant-junit4.jar;C:\Ant\lib\ant-launcher.jar;C:\Ant\lib\ant-netrexx.jar;C:\Ant\lib\ant-swing.jar;C:\Ant\lib\ant-testutil.jar;C:\Ant\lib\ant.jar;C:\Program Files\Java\jdk1.8.0_92\lib\tools.jar" />
    <property name="ant.version" value="Apache Ant(TM) version 1.10.0 compiled on December 27 2016" />
    <property name="app.name" value="JALE Distribution " />
    <property name="java.vm.specification.name" value="Java Virtual Machine Specification" />
    <property name="ant.file.type" value="file" />
    <property name="java.vm.specification.version" value="1.8" />
    <property name="catalina.home" value="C:\xampp\tomcat" />
    <property name="sun.cpu.endian" value="little" />
    <property name="sun.os.patch.level" value="" />
    <property name="compile.debug" value="true" />
    <property name="java.io.tmpdir" value="C:\Users\julio\AppData\Local\Temp\" />
    <property name="dist.home" value="C:\Users\julio\OneDrive\UPCH\Mantenimiento de sistemas\Corte 2\JALE-Distribution/dist" />
    <property name="java.vendor.url.bug" value="http://bugreport.sun.com/bugreport/" />
    <property name="java.awt.graphicsenv" value="sun.awt.Win32GraphicsEnvironment" />
    <property name="os.arch" value="amd64" />
    <property name="java.ext.dirs" value="C:\Program Files\Java\jdk1.8.0_92\jre\lib\ext;C:\WINDOWS\Sun\Java\lib\ext" />
    <property name="user.dir" value="C:\Users\julio\OneDrive\UPCH\Mantenimiento de sistemas\Corte 2\JALE-Distribution" />
    <property name="ant.file.USJ" value="C:\Users\julio\OneDrive\UPCH\Mantenimiento de sistemas\Corte 2\JALE-Distribution\build.xml" />
    <property name="line.separator" value="&#xd;&#xa;" />
    <property name="java.vm.name" value="Java HotSpot(TM) 64-Bit Server VM" />
    <property name="app.version" value="3.0" />
    <property name="compile.deprecation" value="false" />
    <property name="basedir" value="C:\Users\julio\OneDrive\UPCH\Mantenimiento de sistemas\Corte 2\JALE-Distribution" />
    <property name="ant.java.version" value="1.8" />
    <property name="ant.core.lib" value="C:\Ant\lib\ant.jar" />
    <property name="file.encoding" value="Cp1252" />
    <property name="sun.stderr.encoding" value="cp850" />
    <property name="java.specification.version" value="1.8" />
    <property name="ant.project.invoked-targets" value="junitreportlogin" />
  </properties>
  <testcase classname="edu.uag.iidis.scec.pruebas.LoginDAOTest" name="testBuscarLogin" time="1.884" />
  <testcase classname="edu.uag.iidis.scec.pruebas.LoginDAOTest" name="testBuscarLoginInvalido" time="0.012" />
  <system-out><![CDATA[[SCEC] 2017-04-06 21:32:28,957 DEBUG edu.uag.iidis.scec.persistencia.hibernate.HibernateUtil.<clinit>(69) : >creando sessionFactory
[SCEC] 2017-04-06 21:32:30,403 DEBUG edu.uag.iidis.scec.persistencia.hibernate.HibernateUtil.beginTransaction(230) : >beginTransaction()
[SCEC] 2017-04-06 21:32:30,403 DEBUG edu.uag.iidis.scec.persistencia.hibernate.HibernateUtil.beginTransaction(237) : -Iniciando una nueva transacción de base de datos en este thread.
[SCEC] 2017-04-06 21:32:30,404 DEBUG edu.uag.iidis.scec.persistencia.hibernate.HibernateUtil.getSession(160) : >getSession()
[SCEC] 2017-04-06 21:32:30,404 DEBUG edu.uag.iidis.scec.persistencia.hibernate.HibernateUtil.getSession(167) : -Abriendo una nueva sesión para el thread.
[SCEC] 2017-04-06 21:32:30,450 DEBUG edu.uag.iidis.scec.persistencia.LoginDAO.buscarLogin(40) : >existeRol(nombreRol)
[SCEC] 2017-04-06 21:32:30,451 DEBUG edu.uag.iidis.scec.persistencia.LoginDAO.buscarLogin(48) : from Usuario where credencial.nombreUsuario= 'root' and credencial.claveAcceso = 'root'root
[SCEC] 2017-04-06 21:32:30,451 DEBUG edu.uag.iidis.scec.persistencia.hibernate.HibernateUtil.getSession(160) : >getSession()
[SCEC] 2017-04-06 21:32:30,589 DEBUG edu.uag.iidis.scec.persistencia.LoginDAO.buscarLogin(54) : <<<<<<<<< create query ok 
[SCEC] 2017-04-06 21:32:30,589 DEBUG edu.uag.iidis.scec.persistencia.LoginDAO.buscarLogin(57) : <<<<<<<<< set Parameter ok antes del query list >>>>>
Hibernate: select usuario0_.idUsuario as idUsuario0_, usuario0_.nombrePrefijo as nombrePr2_0_, usuario0_.nombreNombre as nombreNo3_0_, usuario0_.nombreApellidoPaterno as nombreAp4_0_, usuario0_.nombreApellidoMaterno as nombreAp5_0_, usuario0_.nombrePosfijo as nombrePo6_0_, usuario0_.nombreIniciales as nombreIn7_0_, usuario0_.nombreUsuario as nombreUs8_0_, usuario0_.claveAcceso as claveAcc9_0_ from Usuarios usuario0_ where usuario0_.nombreUsuario='root' and usuario0_.claveAcceso='root'
Hibernate: select roles0_.idUsuario as idUsuario0_1_, roles0_.idRol as idRol1_, rol1_.idRol as idRol2_0_, rol1_.nombre as nombre2_0_, rol1_.descripcion as descripc3_2_0_ from UsuarioRol roles0_ inner join Roles rol1_ on roles0_.idRol=rol1_.idRol where roles0_.idUsuario=?
[SCEC] 2017-04-06 21:32:30,822 DEBUG edu.uag.iidis.scec.persistencia.LoginDAO.buscarLogin(62) : <<<<<<<<< Result size 1
[SCEC] 2017-04-06 21:32:30,822 DEBUG edu.uag.iidis.scec.persistencia.hibernate.HibernateUtil.commitTransaction(256) : >commitTransaction()
[SCEC] 2017-04-06 21:32:30,823 DEBUG edu.uag.iidis.scec.persistencia.hibernate.HibernateUtil.commitTransaction(264) : -Comprometiendo la transacción de este thread.
[SCEC] 2017-04-06 21:32:30,834 DEBUG edu.uag.iidis.scec.persistencia.hibernate.HibernateUtil.closeSession(204) : >closeSession()
[SCEC] 2017-04-06 21:32:30,834 DEBUG edu.uag.iidis.scec.persistencia.hibernate.HibernateUtil.closeSession(212) : -Cerrando la sesión local al thread.
[SCEC] 2017-04-06 21:32:30,838 DEBUG edu.uag.iidis.scec.persistencia.hibernate.HibernateUtil.beginTransaction(230) : >beginTransaction()
[SCEC] 2017-04-06 21:32:30,839 DEBUG edu.uag.iidis.scec.persistencia.hibernate.HibernateUtil.beginTransaction(237) : -Iniciando una nueva transacción de base de datos en este thread.
[SCEC] 2017-04-06 21:32:30,839 DEBUG edu.uag.iidis.scec.persistencia.hibernate.HibernateUtil.getSession(160) : >getSession()
[SCEC] 2017-04-06 21:32:30,840 DEBUG edu.uag.iidis.scec.persistencia.hibernate.HibernateUtil.getSession(167) : -Abriendo una nueva sesión para el thread.
[SCEC] 2017-04-06 21:32:30,840 DEBUG edu.uag.iidis.scec.persistencia.LoginDAO.buscarLogin(40) : >existeRol(nombreRol)
[SCEC] 2017-04-06 21:32:30,840 DEBUG edu.uag.iidis.scec.persistencia.LoginDAO.buscarLogin(48) : from Usuario where credencial.nombreUsuario= 'root' and credencial.claveAcceso = ''root
[SCEC] 2017-04-06 21:32:30,840 DEBUG edu.uag.iidis.scec.persistencia.hibernate.HibernateUtil.getSession(160) : >getSession()
[SCEC] 2017-04-06 21:32:30,846 DEBUG edu.uag.iidis.scec.persistencia.LoginDAO.buscarLogin(54) : <<<<<<<<< create query ok 
[SCEC] 2017-04-06 21:32:30,846 DEBUG edu.uag.iidis.scec.persistencia.LoginDAO.buscarLogin(57) : <<<<<<<<< set Parameter ok antes del query list >>>>>
Hibernate: select usuario0_.idUsuario as idUsuario0_, usuario0_.nombrePrefijo as nombrePr2_0_, usuario0_.nombreNombre as nombreNo3_0_, usuario0_.nombreApellidoPaterno as nombreAp4_0_, usuario0_.nombreApellidoMaterno as nombreAp5_0_, usuario0_.nombrePosfijo as nombrePo6_0_, usuario0_.nombreIniciales as nombreIn7_0_, usuario0_.nombreUsuario as nombreUs8_0_, usuario0_.claveAcceso as claveAcc9_0_ from Usuarios usuario0_ where usuario0_.nombreUsuario='root' and usuario0_.claveAcceso=''
[SCEC] 2017-04-06 21:32:30,848 DEBUG edu.uag.iidis.scec.persistencia.LoginDAO.buscarLogin(62) : <<<<<<<<< Result size 0
[SCEC] 2017-04-06 21:32:30,848 DEBUG edu.uag.iidis.scec.persistencia.hibernate.HibernateUtil.commitTransaction(256) : >commitTransaction()
[SCEC] 2017-04-06 21:32:30,848 DEBUG edu.uag.iidis.scec.persistencia.hibernate.HibernateUtil.commitTransaction(264) : -Comprometiendo la transacción de este thread.
[SCEC] 2017-04-06 21:32:30,849 DEBUG edu.uag.iidis.scec.persistencia.hibernate.HibernateUtil.closeSession(204) : >closeSession()
[SCEC] 2017-04-06 21:32:30,849 DEBUG edu.uag.iidis.scec.persistencia.hibernate.HibernateUtil.closeSession(212) : -Cerrando la sesión local al thread.
]]></system-out>
  <system-err><![CDATA[]]></system-err>
</testsuite>
